Arguments: 
  E:\server\nodejs\node.exe E:\Server\Yarn\bin\yarn.js

PATH: 
  C:\Python27\;C:\Python27\Scripts;C:\Program Files (x86)\Common Files\Oracle\Java\javapath;C:\ProgramData\Oracle\Java\javapath;E:\Program Files (x86)\Cuminas\Document Express DjVu Plug-in\;C:\WINDOWS\system32;C:\WINDOWS;C:\WINDOWS\System32\Wbem;C:\WINDOWS\System32\WindowsPowerShell\v1.0\;C:\Users\andre\.dnx\bin;C:\Program Files\Microsoft DNX\Dnvm\;C:\Program Files\Microsoft SQL Server\130\Tools\Binn\;C:\ProgramData\chocolatey\bin;C:\Program Files (x86)\NVIDIA Corporation\PhysX\Common;C:\WINDOWS\system32;C:\WINDOWS;C:\WINDOWS\System32\Wbem;C:\WINDOWS\System32\WindowsPowerShell\v1.0\;C:\WINDOWS\System32\OpenSSH\;e:\Server\Git\cmd;e:\Program Files\Microsoft VS Code\bin;E:\Server\OpenSSL-Win64\bin\;C:\Program Files\NVIDIA Corporation\NVIDIA NvDLISR;C:\Program Files\dotnet\;E:\server\nodejs\;e:\Program Files (x86)\Bitvise SSH Client;E:\server\Yarn\bin\;e:\server\Ruby\bin;E:\Server\Python\Scripts\;E:\Server\Python\;C:\Users\andre\AppData\Roaming\npm\node_modules\npm\bin\node-gyp-bin;C:\Users\andre\AppData\Roaming\npm\node_modules\windows-build-tools\node_modules\.bin;C:\Users\andre\AppData\Roaming\npm\node_modules\.bin;C:\Users\andre\.windows-build-tools\python27\;C:\Program Files (x86)\Common Files\Oracle\Java\javapath;C:\ProgramData\Oracle\Java\javapath;E:\Program Files (x86)\Cuminas\Document Express DjVu Plug-in\;C:\WINDOWS\system32;C:\WINDOWS;C:\WINDOWS\System32\Wbem;C:\WINDOWS\System32\WindowsPowerShell\v1.0\;E:\Program Files\TortoiseSVN\bin;C:\Users\andre\.dnx\bin;C:\Program Files\Microsoft DNX\Dnvm\;C:\Program Files\Microsoft SQL Server\130\Tools\Binn\;C:\Program Files (x86)\Windows Kits\8.1\Windows Performance Toolkit\;C:\ProgramData\chocolatey\bin;E:\Program Files (x86)\Brackets\command;C:\Program Files (x86)\NVIDIA Corporation\PhysX\Common;C:\WINDOWS\System32\OpenSSH\;e:\Program Files (x86)\Microsoft VS Code\bin;C:\Users\andre\AppData\Local\GitHubDesktop\bin;c:\Users\andre\AppData\Local\Programs\Fiddler;C:\Users\andre\AppData\Local\Microsoft\WindowsApps;e:\Server\wamp64\bin\php\php7.3.5\;C:\Users\andre\AppData\Roaming\npm;C:\Users\andre\AppData\Local\Yarn\bin

Yarn version: 
  1.22.4

Node version: 
  12.14.1

Platform: 
  win32 x64

Trace: 
  SyntaxError: E:\GitHub\scss-reset\package.json: Unexpected token } in JSON at position 466
      at JSON.parse (<anonymous>)
      at E:\Server\Yarn\lib\cli.js:1625:59
      at Generator.next (<anonymous>)
      at step (E:\Server\Yarn\lib\cli.js:310:30)
      at E:\Server\Yarn\lib\cli.js:321:13

npm manifest: 
  {
    "dependencies": {
      "autoprefixer": "^9.7.6",
      "babel-plugin-external-helpers": "^6.22.0",
      "babel-preset-es2015": "^6.24.1",
      "babel-preset-es2015-rollup": "^3.0.0",
      "gulp": "^4.0.2",
      "gulp-bump": "^3.1.3",
      "gulp-connect": "^5.7.0",
      "gulp-file": "^0.4.0",
      "gulp-notify": "^3.2.0",
      "gulp-open": "^3.0.1",
      "gulp-plumber": "^1.2.1",
      "gulp-postcss": "^8.0.0",
      "gulp-sass": "^4.0.2",
      "gulp-sourcemaps": "^2.6.5",
    },
    "name": "SCSS Reset",
    "version": "1.1.0",
    "description": "SCSS reset",
    "main": "index.html",
    "repository": "https://github.com/andreymatin/scss-reset.git",
    "author": "Andrey Matin",
    "license": "MIT",
    "browserslist": [
      "> 1%"
    ]
  }

yarn manifest: 
  No manifest

Lockfile: 
  No lockfile
